# JRE version: OpenJDK Runtime Environment (8.0_202-b03) (build 1.8.0_202-release-1483-b03)
# Java VM: OpenJDK 64-Bit Server VM (25.202-b03 mixed mode windows-amd64 compressed oops)
Heap:
 PSYoungGen      total 118784K, used 40193K [0x00000000f5580000, 0x00000000fe480000, 0x0000000100000000)
  eden space 94208K, 37% used [0x00000000f5580000,0x00000000f77b76f8,0x00000000fb180000)
  from space 24576K, 20% used [0x00000000fcc80000,0x00000000fd188e30,0x00000000fe480000)
  to   space 26112K, 0% used [0x00000000fb180000,0x00000000fb180000,0x00000000fcb00000)
 ParOldGen       total 175104K, used 46876K [0x00000000e0000000, 0x00000000eab00000, 0x00000000f5580000)
  object space 175104K, 26% used [0x00000000e0000000,0x00000000e2dc7188,0x00000000eab00000)
 Metaspace       used 87157K, capacity 91662K, committed 91736K, reserved 1128448K
  class space    used 11279K, capacity 12104K, committed 12160K, reserved 1048576K
GC Heap History (10 events):
Event: 734.198 GC heap before
{Heap before GC invocations=31 (full 3):
 PSYoungGen      total 122880K, used 122623K [0x00000000f5580000, 0x00000000fef80000, 0x0000000100000000)
  eden space 106496K, 100% used [0x00000000f5580000,0x00000000fbd80000,0x00000000fbd80000)
  from space 16384K, 98% used [0x00000000fc000000,0x00000000fcfbfda8,0x00000000fd000000)
  to   space 25600K, 0% used [0x00000000fd680000,0x00000000fd680000,0x00000000fef80000)
 ParOldGen       total 175104K, used 38080K [0x00000000e0000000, 0x00000000eab00000, 0x00000000f5580000)
  object space 175104K, 21% used [0x00000000e0000000,0x00000000e2530018,0x00000000eab00000)
 Metaspace       used 86355K, capacity 90648K, committed 90840K, reserved 1128448K
  class space    used 11233K, capacity 12031K, committed 12032K, reserved 1048576K
Event: 734.270 GC heap after
Heap after GC invocations=31 (full 3):
 PSYoungGen      total 125952K, used 15920K [0x00000000f5580000, 0x00000000fec00000, 0x0000000100000000)
  eden space 103936K, 0% used [0x00000000f5580000,0x00000000f5580000,0x00000000fbb00000)
  from space 22016K, 72% used [0x00000000fd680000,0x00000000fe60c228,0x00000000fec00000)
  to   space 25088K, 0% used [0x00000000fbb00000,0x00000000fbb00000,0x00000000fd380000)
 ParOldGen       total 175104K, used 40964K [0x00000000e0000000, 0x00000000eab00000, 0x00000000f5580000)
  object space 175104K, 23% used [0x00000000e0000000,0x00000000e28010a8,0x00000000eab00000)
 Metaspace       used 86355K, capacity 90648K, committed 90840K, reserved 1128448K
  class space    used 11233K, capacity 12031K, committed 12032K, reserved 1048576K
}
Event: 1674.871 GC heap before
{Heap before GC invocations=32 (full 3):
 PSYoungGen      total 125952K, used 119856K [0x00000000f5580000, 0x00000000fec00000, 0x0000000100000000)
  eden space 103936K, 100% used [0x00000000f5580000,0x00000000fbb00000,0x00000000fbb00000)
  from space 22016K, 72% used [0x00000000fd680000,0x00000000fe60c228,0x00000000fec00000)
  to   space 25088K, 0% used [0x00000000fbb00000,0x00000000fbb00000,0x00000000fd380000)
 ParOldGen       total 175104K, used 40964K [0x00000000e0000000, 0x00000000eab00000, 0x00000000f5580000)
  object space 175104K, 23% used [0x00000000e0000000,0x00000000e28010a8,0x00000000eab00000)
 Metaspace       used 86540K, capacity 90860K, committed 91096K, reserved 1128448K
  class space    used 11234K, capacity 12031K, committed 12032K, reserved 1048576K
Event: 1674.911 GC heap after
Heap after GC invocations=32 (full 3):
 PSYoungGen      total 111616K, used 9744K [0x00000000f5580000, 0x00000000fe980000, 0x0000000100000000)
  eden space 101376K, 0% used [0x00000000f5580000,0x00000000f5580000,0x00000000fb880000)
  from space 10240K, 95% used [0x00000000fbb00000,0x00000000fc484040,0x00000000fc500000)
  to   space 25088K, 0% used [0x00000000fd100000,0x00000000fd100000,0x00000000fe980000)
 ParOldGen       total 175104K, used 42992K [0x00000000e0000000, 0x00000000eab00000, 0x00000000f5580000)
  object space 175104K, 24% used [0x00000000e0000000,0x00000000e29fc168,0x00000000eab00000)
 Metaspace       used 86540K, capacity 90860K, committed 91096K, reserved 1128448K
  class space    used 11234K, capacity 12031K, committed 12032K, reserved 1048576K
}
Event: 1773.033 GC heap before
{Heap before GC invocations=33 (full 3):
 PSYoungGen      total 111616K, used 111088K [0x00000000f5580000, 0x00000000fe980000, 0x0000000100000000)
  eden space 101376K, 99% used [0x00000000f5580000,0x00000000fb878188,0x00000000fb880000)
  from space 10240K, 95% used [0x00000000fbb00000,0x00000000fc484040,0x00000000fc500000)
  to   space 25088K, 0% used [0x00000000fd100000,0x00000000fd100000,0x00000000fe980000)
 ParOldGen       total 175104K, used 42992K [0x00000000e0000000, 0x00000000eab00000, 0x00000000f5580000)
  object space 175104K, 24% used [0x00000000e0000000,0x00000000e29fc168,0x00000000eab00000)
 Metaspace       used 86791K, capacity 91234K, committed 91480K, reserved 1128448K
  class space    used 11264K, capacity 12088K, committed 12160K, reserved 1048576K
Event: 1773.063 GC heap after
Heap after GC invocations=33 (full 3):
 PSYoungGen      total 123392K, used 5493K [0x00000000f5580000, 0x00000000fe900000, 0x0000000100000000)
  eden space 98816K, 0% used [0x00000000f5580000,0x00000000f5580000,0x00000000fb600000)
  from space 24576K, 22% used [0x00000000fd100000,0x00000000fd65d630,0x00000000fe900000)
  to   space 26112K, 0% used [0x00000000fb600000,0x00000000fb600000,0x00000000fcf80000)
 ParOldGen       total 175104K, used 45197K [0x00000000e0000000, 0x00000000eab00000, 0x00000000f5580000)
  object space 175104K, 25% used [0x00000000e0000000,0x00000000e2c23430,0x00000000eab00000)
 Metaspace       used 86791K, capacity 91234K, committed 91480K, reserved 1128448K
  class space    used 11264K, capacity 12088K, committed 12160K, reserved 1048576K
}
Event: 1776.259 GC heap before
{Heap before GC invocations=34 (full 3):
 PSYoungGen      total 123392K, used 104302K [0x00000000f5580000, 0x00000000fe900000, 0x0000000100000000)
  eden space 98816K, 99% used [0x00000000f5580000,0x00000000fb5fe4c8,0x00000000fb600000)
  from space 24576K, 22% used [0x00000000fd100000,0x00000000fd65d630,0x00000000fe900000)
  to   space 26112K, 0% used [0x00000000fb600000,0x00000000fb600000,0x00000000fcf80000)
 ParOldGen       total 175104K, used 45197K [0x00000000e0000000, 0x00000000eab00000, 0x00000000f5580000)
  object space 175104K, 25% used [0x00000000e0000000,0x00000000e2c23430,0x00000000eab00000)
 Metaspace       used 86944K, capacity 91368K, committed 91480K, reserved 1128448K
  class space    used 11269K, capacity 12089K, committed 12160K, reserved 1048576K
Event: 1776.312 GC heap after
Heap after GC invocations=34 (full 3):
 PSYoungGen      total 107008K, used 10285K [0x00000000f5580000, 0x00000000fe580000, 0x0000000100000000)
  eden space 96256K, 0% used [0x00000000f5580000,0x00000000f5580000,0x00000000fb380000)
  from space 10752K, 95% used [0x00000000fb600000,0x00000000fc00b710,0x00000000fc080000)
  to   space 25600K, 0% used [0x00000000fcc80000,0x00000000fcc80000,0x00000000fe580000)
 ParOldGen       total 175104K, used 46613K [0x00000000e0000000, 0x00000000eab00000, 0x00000000f5580000)
  object space 175104K, 26% used [0x00000000e0000000,0x00000000e2d85480,0x00000000eab00000)
 Metaspace       used 86944K, capacity 91368K, committed 91480K, reserved 1128448K
  class space    used 11269K, capacity 12089K, committed 12160K, reserved 1048576K
}
Event: 1841.380 GC heap before
{Heap before GC invocations=35 (full 3):
 PSYoungGen      total 107008K, used 106541K [0x00000000f5580000, 0x00000000fe580000, 0x0000000100000000)
  eden space 96256K, 100% used [0x00000000f5580000,0x00000000fb380000,0x00000000fb380000)
  from space 10752K, 95% used [0x00000000fb600000,0x00000000fc00b710,0x00000000fc080000)
  to   space 25600K, 0% used [0x00000000fcc80000,0x00000000fcc80000,0x00000000fe580000)
 ParOldGen       total 175104K, used 46613K [0x00000000e0000000, 0x00000000eab00000, 0x00000000f5580000)
  object space 175104K, 26% used [0x00000000e0000000,0x00000000e2d85480,0x00000000eab00000)
 Metaspace       used 87143K, capacity 91662K, committed 91736K, reserved 1128448K
  class space    used 11279K, capacity 12104K, committed 12160K, reserved 1048576K
Event: 1841.398 GC heap after
Heap after GC invocations=35 (full 3):
 PSYoungGen      total 118784K, used 5155K [0x00000000f5580000, 0x00000000fe480000, 0x0000000100000000)
  eden space 94208K, 0% used [0x00000000f5580000,0x00000000f5580000,0x00000000fb180000)
  from space 24576K, 20% used [0x00000000fcc80000,0x00000000fd188e30,0x00000000fe480000)
  to   space 26112K, 0% used [0x00000000fb180000,0x00000000fb180000,0x00000000fcb00000)
 ParOldGen       total 175104K, used 46876K [0x00000000e0000000, 0x00000000eab00000, 0x00000000f5580000)
  object space 175104K, 26% used [0x00000000e0000000,0x00000000e2dc7188,0x00000000eab00000)
 Metaspace       used 87143K, capacity 91662K, committed 91736K, reserved 1128448K
  class space    used 11279K, capacity 12104K, committed 12160K, reserved 1048576K
}

