# JRE version: OpenJDK Runtime Environment (8.0_202-b03) (build 1.8.0_202-release-1483-b03)
# Java VM: OpenJDK 64-Bit Server VM (25.202-b03 mixed mode windows-amd64 compressed oops)
Heap:
 PSYoungGen      total 137728K, used 44837K [0x00000000f5580000, 0x0000000100000000, 0x0000000100000000)
  eden space 108032K, 14% used [0x00000000f5580000,0x00000000f6539080,0x00000000fbf00000)
  from space 29696K, 96% used [0x00000000fe300000,0x00000000fff10740,0x0000000100000000)
  to   space 33280K, 0% used [0x00000000fbf00000,0x00000000fbf00000,0x00000000fdf80000)
 ParOldGen       total 270336K, used 35637K [0x00000000e0000000, 0x00000000f0800000, 0x00000000f5580000)
  object space 270336K, 13% used [0x00000000e0000000,0x00000000e22cd6f0,0x00000000f0800000)
 Metaspace       used 90383K, capacity 94864K, committed 95000K, reserved 1132544K
  class space    used 11709K, capacity 12546K, committed 12584K, reserved 1048576K
GC Heap History (10 events):
Event: 64.086 GC heap before
{Heap before GC invocations=15 (full 3):
 PSYoungGen      total 153088K, used 152585K [0x00000000f5580000, 0x0000000100000000, 0x0000000100000000)
  eden space 132608K, 100% used [0x00000000f5580000,0x00000000fd700000,0x00000000fd700000)
  from space 20480K, 97% used [0x00000000fd700000,0x00000000fea824b8,0x00000000feb00000)
  to   space 21504K, 0% used [0x00000000feb00000,0x00000000feb00000,0x0000000100000000)
 ParOldGen       total 270336K, used 35597K [0x00000000e0000000, 0x00000000f0800000, 0x00000000f5580000)
  object space 270336K, 13% used [0x00000000e0000000,0x00000000e22c36f0,0x00000000f0800000)
 Metaspace       used 80409K, capacity 83380K, committed 83608K, reserved 1122304K
  class space    used 10518K, capacity 11121K, committed 11176K, reserved 1048576K
Event: 64.126 GC heap after
Heap after GC invocations=15 (full 3):
 PSYoungGen      total 145920K, used 21178K [0x00000000f5580000, 0x0000000100000000, 0x0000000100000000)
  eden space 124416K, 0% used [0x00000000f5580000,0x00000000f5580000,0x00000000fcf00000)
  from space 21504K, 98% used [0x00000000feb00000,0x00000000fffae950,0x0000000100000000)
  to   space 25088K, 0% used [0x00000000fcf00000,0x00000000fcf00000,0x00000000fe780000)
 ParOldGen       total 270336K, used 35605K [0x00000000e0000000, 0x00000000f0800000, 0x00000000f5580000)
  object space 270336K, 13% used [0x00000000e0000000,0x00000000e22c56f0,0x00000000f0800000)
 Metaspace       used 80409K, capacity 83380K, committed 83608K, reserved 1122304K
  class space    used 10518K, capacity 11121K, committed 11176K, reserved 1048576K
}
Event: 98.654 GC heap before
{Heap before GC invocations=16 (full 3):
 PSYoungGen      total 145920K, used 145594K [0x00000000f5580000, 0x0000000100000000, 0x0000000100000000)
  eden space 124416K, 100% used [0x00000000f5580000,0x00000000fcf00000,0x00000000fcf00000)
  from space 21504K, 98% used [0x00000000feb00000,0x00000000fffae950,0x0000000100000000)
  to   space 25088K, 0% used [0x00000000fcf00000,0x00000000fcf00000,0x00000000fe780000)
 ParOldGen       total 270336K, used 35605K [0x00000000e0000000, 0x00000000f0800000, 0x00000000f5580000)
  object space 270336K, 13% used [0x00000000e0000000,0x00000000e22c56f0,0x00000000f0800000)
 Metaspace       used 84251K, capacity 87888K, committed 88216K, reserved 1126400K
  class space    used 11083K, capacity 11827K, committed 11944K, reserved 1048576K
Event: 98.697 GC heap after
Heap after GC invocations=16 (full 3):
 PSYoungGen      total 147456K, used 22762K [0x00000000f5580000, 0x0000000100000000, 0x0000000100000000)
  eden space 124416K, 0% used [0x00000000f5580000,0x00000000f5580000,0x00000000fcf00000)
  from space 23040K, 98% used [0x00000000fcf00000,0x00000000fe53aa48,0x00000000fe580000)
  to   space 27136K, 0% used [0x00000000fe580000,0x00000000fe580000,0x0000000100000000)
 ParOldGen       total 270336K, used 35613K [0x00000000e0000000, 0x00000000f0800000, 0x00000000f5580000)
  object space 270336K, 13% used [0x00000000e0000000,0x00000000e22c76f0,0x00000000f0800000)
 Metaspace       used 84251K, capacity 87888K, committed 88216K, reserved 1126400K
  class space    used 11083K, capacity 11827K, committed 11944K, reserved 1048576K
}
Event: 242.143 GC heap before
{Heap before GC invocations=17 (full 3):
 PSYoungGen      total 147456K, used 147178K [0x00000000f5580000, 0x0000000100000000, 0x0000000100000000)
  eden space 124416K, 100% used [0x00000000f5580000,0x00000000fcf00000,0x00000000fcf00000)
  from space 23040K, 98% used [0x00000000fcf00000,0x00000000fe53aa48,0x00000000fe580000)
  to   space 27136K, 0% used [0x00000000fe580000,0x00000000fe580000,0x0000000100000000)
 ParOldGen       total 270336K, used 35613K [0x00000000e0000000, 0x00000000f0800000, 0x00000000f5580000)
  object space 270336K, 13% used [0x00000000e0000000,0x00000000e22c76f0,0x00000000f0800000)
 Metaspace       used 86404K, capacity 90280K, committed 90520K, reserved 1128448K
  class space    used 11317K, capacity 12073K, committed 12200K, reserved 1048576K
Event: 242.185 GC heap after
Heap after GC invocations=17 (full 3):
 PSYoungGen      total 144384K, used 22575K [0x00000000f5580000, 0x0000000100000000, 0x0000000100000000)
  eden space 117248K, 0% used [0x00000000f5580000,0x00000000f5580000,0x00000000fc800000)
  from space 27136K, 83% used [0x00000000fe580000,0x00000000ffb8bd28,0x0000000100000000)
  to   space 28672K, 0% used [0x00000000fc800000,0x00000000fc800000,0x00000000fe400000)
 ParOldGen       total 270336K, used 35621K [0x00000000e0000000, 0x00000000f0800000, 0x00000000f5580000)
  object space 270336K, 13% used [0x00000000e0000000,0x00000000e22c96f0,0x00000000f0800000)
 Metaspace       used 86404K, capacity 90280K, committed 90520K, reserved 1128448K
  class space    used 11317K, capacity 12073K, committed 12200K, reserved 1048576K
}
Event: 324.274 GC heap before
{Heap before GC invocations=18 (full 3):
 PSYoungGen      total 144384K, used 139823K [0x00000000f5580000, 0x0000000100000000, 0x0000000100000000)
  eden space 117248K, 100% used [0x00000000f5580000,0x00000000fc800000,0x00000000fc800000)
  from space 27136K, 83% used [0x00000000fe580000,0x00000000ffb8bd28,0x0000000100000000)
  to   space 28672K, 0% used [0x00000000fc800000,0x00000000fc800000,0x00000000fe400000)
 ParOldGen       total 270336K, used 35621K [0x00000000e0000000, 0x00000000f0800000, 0x00000000f5580000)
  object space 270336K, 13% used [0x00000000e0000000,0x00000000e22c96f0,0x00000000f0800000)
 Metaspace       used 87970K, capacity 92216K, committed 92440K, reserved 1130496K
  class space    used 11467K, capacity 12236K, committed 12328K, reserved 1048576K
Event: 324.335 GC heap after
Heap after GC invocations=18 (full 3):
 PSYoungGen      total 138240K, used 22077K [0x00000000f5580000, 0x0000000100000000, 0x0000000100000000)
  eden space 115712K, 0% used [0x00000000f5580000,0x00000000f5580000,0x00000000fc680000)
  from space 22528K, 98% used [0x00000000fc800000,0x00000000fdd8f730,0x00000000fde00000)
  to   space 29696K, 0% used [0x00000000fe300000,0x00000000fe300000,0x0000000100000000)
 ParOldGen       total 270336K, used 35629K [0x00000000e0000000, 0x00000000f0800000, 0x00000000f5580000)
  object space 270336K, 13% used [0x00000000e0000000,0x00000000e22cb6f0,0x00000000f0800000)
 Metaspace       used 87970K, capacity 92216K, committed 92440K, reserved 1130496K
  class space    used 11467K, capacity 12236K, committed 12328K, reserved 1048576K
}
Event: 329.111 GC heap before
{Heap before GC invocations=19 (full 3):
 PSYoungGen      total 138240K, used 137782K [0x00000000f5580000, 0x0000000100000000, 0x0000000100000000)
  eden space 115712K, 99% used [0x00000000f5580000,0x00000000fc67e2f8,0x00000000fc680000)
  from space 22528K, 98% used [0x00000000fc800000,0x00000000fdd8f730,0x00000000fde00000)
  to   space 29696K, 0% used [0x00000000fe300000,0x00000000fe300000,0x0000000100000000)
 ParOldGen       total 270336K, used 35629K [0x00000000e0000000, 0x00000000f0800000, 0x00000000f5580000)
  object space 270336K, 13% used [0x00000000e0000000,0x00000000e22cb6f0,0x00000000f0800000)
 Metaspace       used 90305K, capacity 94800K, committed 95000K, reserved 1132544K
  class space    used 11709K, capacity 12546K, committed 12584K, reserved 1048576K
Event: 329.169 GC heap after
Heap after GC invocations=19 (full 3):
 PSYoungGen      total 137728K, used 28737K [0x00000000f5580000, 0x0000000100000000, 0x0000000100000000)
  eden space 108032K, 0% used [0x00000000f5580000,0x00000000f5580000,0x00000000fbf00000)
  from space 29696K, 96% used [0x00000000fe300000,0x00000000fff10740,0x0000000100000000)
  to   space 33280K, 0% used [0x00000000fbf00000,0x00000000fbf00000,0x00000000fdf80000)
 ParOldGen       total 270336K, used 35637K [0x00000000e0000000, 0x00000000f0800000, 0x00000000f5580000)
  object space 270336K, 13% used [0x00000000e0000000,0x00000000e22cd6f0,0x00000000f0800000)
 Metaspace       used 90305K, capacity 94800K, committed 95000K, reserved 1132544K
  class space    used 11709K, capacity 12546K, committed 12584K, reserved 1048576K
}

