# JRE version: OpenJDK Runtime Environment (8.0_202-b03) (build 1.8.0_202-release-1483-b03)
# Java VM: OpenJDK 64-Bit Server VM (25.202-b03 mixed mode windows-amd64 compressed oops)
Heap:
 PSYoungGen      total 130048K, used 108280K [0x00000000f5580000, 0x0000000100000000, 0x0000000100000000)
  eden space 110592K, 80% used [0x00000000f5580000,0x00000000fac45b58,0x00000000fc180000)
  from space 19456K, 99% used [0x00000000fc180000,0x00000000fd478830,0x00000000fd480000)
  to   space 27136K, 0% used [0x00000000fe580000,0x00000000fe580000,0x0000000100000000)
 ParOldGen       total 188928K, used 49038K [0x00000000e0000000, 0x00000000eb880000, 0x00000000f5580000)
  object space 188928K, 25% used [0x00000000e0000000,0x00000000e2fe3bf0,0x00000000eb880000)
 Metaspace       used 73991K, capacity 76802K, committed 76888K, reserved 1116160K
  class space    used 9743K, capacity 10308K, committed 10328K, reserved 1048576K
GC Heap History (10 events):
Event: 48.786 GC heap before
{Heap before GC invocations=12 (full 2):
 PSYoungGen      total 93696K, used 66516K [0x00000000f5580000, 0x00000000fd380000, 0x0000000100000000)
  eden space 80384K, 66% used [0x00000000f5580000,0x00000000f8975b50,0x00000000fa400000)
  from space 13312K, 99% used [0x00000000fa400000,0x00000000fb0ff7c0,0x00000000fb100000)
  to   space 15872K, 0% used [0x00000000fc400000,0x00000000fc400000,0x00000000fd380000)
 ParOldGen       total 175104K, used 21622K [0x00000000e0000000, 0x00000000eab00000, 0x00000000f5580000)
  object space 175104K, 12% used [0x00000000e0000000,0x00000000e151d8d0,0x00000000eab00000)
 Metaspace       used 57210K, capacity 58860K, committed 58968K, reserved 1099776K
  class space    used 7779K, capacity 8187K, committed 8280K, reserved 1048576K
Event: 48.821 GC heap after
Heap after GC invocations=12 (full 2):
 PSYoungGen      total 111104K, used 15861K [0x00000000f5580000, 0x00000000fda80000, 0x0000000100000000)
  eden space 95232K, 0% used [0x00000000f5580000,0x00000000f5580000,0x00000000fb280000)
  from space 15872K, 99% used [0x00000000fc400000,0x00000000fd37d698,0x00000000fd380000)
  to   space 17920K, 0% used [0x00000000fb280000,0x00000000fb280000,0x00000000fc400000)
 ParOldGen       total 175104K, used 22911K [0x00000000e0000000, 0x00000000eab00000, 0x00000000f5580000)
  object space 175104K, 13% used [0x00000000e0000000,0x00000000e165fe40,0x00000000eab00000)
 Metaspace       used 57210K, capacity 58860K, committed 58968K, reserved 1099776K
  class space    used 7779K, capacity 8187K, committed 8280K, reserved 1048576K
}
Event: 48.822 GC heap before
{Heap before GC invocations=13 (full 3):
 PSYoungGen      total 111104K, used 15861K [0x00000000f5580000, 0x00000000fda80000, 0x0000000100000000)
  eden space 95232K, 0% used [0x00000000f5580000,0x00000000f5580000,0x00000000fb280000)
  from space 15872K, 99% used [0x00000000fc400000,0x00000000fd37d698,0x00000000fd380000)
  to   space 17920K, 0% used [0x00000000fb280000,0x00000000fb280000,0x00000000fc400000)
 ParOldGen       total 175104K, used 22911K [0x00000000e0000000, 0x00000000eab00000, 0x00000000f5580000)
  object space 175104K, 13% used [0x00000000e0000000,0x00000000e165fe40,0x00000000eab00000)
 Metaspace       used 57210K, capacity 58860K, committed 58968K, reserved 1099776K
  class space    used 7779K, capacity 8187K, committed 8280K, reserved 1048576K
Event: 49.196 GC heap after
Heap after GC invocations=13 (full 3):
 PSYoungGen      total 111104K, used 0K [0x00000000f5580000, 0x00000000fda80000, 0x0000000100000000)
  eden space 95232K, 0% used [0x00000000f5580000,0x00000000f5580000,0x00000000fb280000)
  from space 15872K, 0% used [0x00000000fc400000,0x00000000fc400000,0x00000000fd380000)
  to   space 17920K, 0% used [0x00000000fb280000,0x00000000fb280000,0x00000000fc400000)
 ParOldGen       total 188928K, used 32491K [0x00000000e0000000, 0x00000000eb880000, 0x00000000f5580000)
  object space 188928K, 17% used [0x00000000e0000000,0x00000000e1fbaee0,0x00000000eb880000)
 Metaspace       used 57179K, capacity 58766K, committed 58968K, reserved 1099776K
  class space    used 7769K, capacity 8170K, committed 8280K, reserved 1048576K
}
Event: 354.647 GC heap before
{Heap before GC invocations=14 (full 3):
 PSYoungGen      total 111104K, used 95232K [0x00000000f5580000, 0x00000000fda80000, 0x0000000100000000)
  eden space 95232K, 100% used [0x00000000f5580000,0x00000000fb280000,0x00000000fb280000)
  from space 15872K, 0% used [0x00000000fc400000,0x00000000fc400000,0x00000000fd380000)
  to   space 17920K, 0% used [0x00000000fb280000,0x00000000fb280000,0x00000000fc400000)
 ParOldGen       total 188928K, used 32491K [0x00000000e0000000, 0x00000000eb880000, 0x00000000f5580000)
  object space 188928K, 17% used [0x00000000e0000000,0x00000000e1fbaee0,0x00000000eb880000)
 Metaspace       used 62738K, capacity 64600K, committed 64856K, reserved 1105920K
  class space    used 8271K, capacity 8715K, committed 8792K, reserved 1048576K
Event: 354.664 GC heap after
Heap after GC invocations=14 (full 3):
 PSYoungGen      total 113152K, used 9753K [0x00000000f5580000, 0x00000000fe580000, 0x0000000100000000)
  eden space 95232K, 0% used [0x00000000f5580000,0x00000000f5580000,0x00000000fb280000)
  from space 17920K, 54% used [0x00000000fb280000,0x00000000fbc06750,0x00000000fc400000)
  to   space 17408K, 0% used [0x00000000fd480000,0x00000000fd480000,0x00000000fe580000)
 ParOldGen       total 188928K, used 32499K [0x00000000e0000000, 0x00000000eb880000, 0x00000000f5580000)
  object space 188928K, 17% used [0x00000000e0000000,0x00000000e1fbcee0,0x00000000eb880000)
 Metaspace       used 62738K, capacity 64600K, committed 64856K, reserved 1105920K
  class space    used 8271K, capacity 8715K, committed 8792K, reserved 1048576K
}
Event: 359.078 GC heap before
{Heap before GC invocations=15 (full 3):
 PSYoungGen      total 113152K, used 104985K [0x00000000f5580000, 0x00000000fe580000, 0x0000000100000000)
  eden space 95232K, 100% used [0x00000000f5580000,0x00000000fb280000,0x00000000fb280000)
  from space 17920K, 54% used [0x00000000fb280000,0x00000000fbc06750,0x00000000fc400000)
  to   space 17408K, 0% used [0x00000000fd480000,0x00000000fd480000,0x00000000fe580000)
 ParOldGen       total 188928K, used 32499K [0x00000000e0000000, 0x00000000eb880000, 0x00000000f5580000)
  object space 188928K, 17% used [0x00000000e0000000,0x00000000e1fbcee0,0x00000000eb880000)
 Metaspace       used 65082K, capacity 66980K, committed 67160K, reserved 1107968K
  class space    used 8552K, capacity 8999K, committed 9048K, reserved 1048576K
Event: 359.118 GC heap after
Heap after GC invocations=15 (full 3):
 PSYoungGen      total 128000K, used 17396K [0x00000000f5580000, 0x00000000feb00000, 0x0000000100000000)
  eden space 110592K, 0% used [0x00000000f5580000,0x00000000f5580000,0x00000000fc180000)
  from space 17408K, 99% used [0x00000000fd480000,0x00000000fe57d060,0x00000000fe580000)
  to   space 19456K, 0% used [0x00000000fc180000,0x00000000fc180000,0x00000000fd480000)
 ParOldGen       total 188928K, used 33901K [0x00000000e0000000, 0x00000000eb880000, 0x00000000f5580000)
  object space 188928K, 17% used [0x00000000e0000000,0x00000000e211b6e8,0x00000000eb880000)
 Metaspace       used 65082K, capacity 66980K, committed 67160K, reserved 1107968K
  class space    used 8552K, capacity 8999K, committed 9048K, reserved 1048576K
}
Event: 366.262 GC heap before
{Heap before GC invocations=16 (full 3):
 PSYoungGen      total 128000K, used 127988K [0x00000000f5580000, 0x00000000feb00000, 0x0000000100000000)
  eden space 110592K, 100% used [0x00000000f5580000,0x00000000fc180000,0x00000000fc180000)
  from space 17408K, 99% used [0x00000000fd480000,0x00000000fe57d060,0x00000000fe580000)
  to   space 19456K, 0% used [0x00000000fc180000,0x00000000fc180000,0x00000000fd480000)
 ParOldGen       total 188928K, used 33901K [0x00000000e0000000, 0x00000000eb880000, 0x00000000f5580000)
  object space 188928K, 17% used [0x00000000e0000000,0x00000000e211b6e8,0x00000000eb880000)
 Metaspace       used 69378K, capacity 71706K, committed 71896K, reserved 1112064K
  class space    used 9126K, capacity 9638K, committed 9688K, reserved 1048576K
Event: 366.323 GC heap after
Heap after GC invocations=16 (full 3):
 PSYoungGen      total 130048K, used 19426K [0x00000000f5580000, 0x0000000100000000, 0x0000000100000000)
  eden space 110592K, 0% used [0x00000000f5580000,0x00000000f5580000,0x00000000fc180000)
  from space 19456K, 99% used [0x00000000fc180000,0x00000000fd478830,0x00000000fd480000)
  to   space 27136K, 0% used [0x00000000fe580000,0x00000000fe580000,0x0000000100000000)
 ParOldGen       total 188928K, used 49038K [0x00000000e0000000, 0x00000000eb880000, 0x00000000f5580000)
  object space 188928K, 25% used [0x00000000e0000000,0x00000000e2fe3bf0,0x00000000eb880000)
 Metaspace       used 69378K, capacity 71706K, committed 71896K, reserved 1112064K
  class space    used 9126K, capacity 9638K, committed 9688K, reserved 1048576K
}

